
**** Build of configuration MK40N512VMD100_INTERNAL_RAM for project Kinetis_MK40N512VMD100_msd ****

C:\Freescale\CW10\gnu\bin\make all 
'Regenerating dependency file: Project Settings/Startup/kinetis_sysinit.d'
' '
'Regenerating dependency file: Sources/app/wdt_kinetis.d'
' '
'Regenerating dependency file: Sources/app/vectors.d'
' '
'Regenerating dependency file: Sources/app/usb_descriptor.d'
' '
'Regenerating dependency file: Sources/app/main_kinetis.d'
' '
'Regenerating dependency file: Sources/app/disk.d'
' '
'Regenerating dependency file: Sources/app/SPI_kinetis.d'
' '
'Regenerating dependency file: Sources/app/SD_kinetis.d'
' '
'Regenerating dependency file: Sources/app/RealTimerCounter_kinetis.d'
' '
'Regenerating dependency file: Sources/class/usb_msc_scsi.d'
' '
'Regenerating dependency file: Sources/class/usb_msc.d'
' '
'Regenerating dependency file: Sources/class/usb_class.d'
' '
'Regenerating dependency file: Sources/driver/usb_framework.d'
' '
'Regenerating dependency file: Sources/driver/usb_driver.d'
' '
'Regenerating dependency file: Sources/driver/usb_dci_kinetis.d'
' '
'Building file: C:/Program Files (x86)/Freescale/Freescale USB Stack with PHDC v3.1/Source/Device/source/driver/kinetis/usb_dci_kinetis.c'
'Invoking: ARM Compiler'
"C:/Freescale/CW10/MCU/ARM_Tools/Command_Line_Tools/mwccarm" -gccinc @@"Sources/driver/usb_dci_kinetis.args" -o "Sources/driver/usb_dci_kinetis.obj" -c "C:/Program Files (x86)/Freescale/Freescale USB Stack with PHDC v3.1/Source/Device/source/driver/kinetis/usb_dci_kinetis.c" -MD -gccdep
'Finished building: C:/Program Files (x86)/Freescale/Freescale USB Stack with PHDC v3.1/Source/Device/source/driver/kinetis/usb_dci_kinetis.c'
' '
'Building file: C:/Program Files (x86)/Freescale/Freescale USB Stack with PHDC v3.1/Source/Device/source/driver/usb_driver.c'
'Invoking: ARM Compiler'
"C:/Freescale/CW10/MCU/ARM_Tools/Command_Line_Tools/mwccarm" -gccinc @@"Sources/driver/usb_driver.args" -o "Sources/driver/usb_driver.obj" -c "C:/Program Files (x86)/Freescale/Freescale USB Stack with PHDC v3.1/Source/Device/source/driver/usb_driver.c" -MD -gccdep
'Finished building: C:/Program Files (x86)/Freescale/Freescale USB Stack with PHDC v3.1/Source/Device/source/driver/usb_driver.c'
' '
'Building file: C:/Program Files (x86)/Freescale/Freescale USB Stack with PHDC v3.1/Source/Device/source/common/usb_framework.c'
'Invoking: ARM Compiler'
"C:/Freescale/CW10/MCU/ARM_Tools/Command_Line_Tools/mwccarm" -gccinc @@"Sources/driver/usb_framework.args" -o "Sources/driver/usb_framework.obj" -c "C:/Program Files (x86)/Freescale/Freescale USB Stack with PHDC v3.1/Source/Device/source/common/usb_framework.c" -MD -gccdep
'Finished building: C:/Program Files (x86)/Freescale/Freescale USB Stack with PHDC v3.1/Source/Device/source/common/usb_framework.c'
' '
'Building file: C:/Program Files (x86)/Freescale/Freescale USB Stack with PHDC v3.1/Source/Device/source/common/usb_class.c'
'Invoking: ARM Compiler'
"C:/Freescale/CW10/MCU/ARM_Tools/Command_Line_Tools/mwccarm" -gccinc @@"Sources/class/usb_class.args" -o "Sources/class/usb_class.obj" -c "C:/Program Files (x86)/Freescale/Freescale USB Stack with PHDC v3.1/Source/Device/source/common/usb_class.c" -MD -gccdep
'Finished building: C:/Program Files (x86)/Freescale/Freescale USB Stack with PHDC v3.1/Source/Device/source/common/usb_class.c'
' '
'Building file: C:/Program Files (x86)/Freescale/Freescale USB Stack with PHDC v3.1/Source/Device/source/class/usb_msc.c'
'Invoking: ARM Compiler'
"C:/Freescale/CW10/MCU/ARM_Tools/Command_Line_Tools/mwccarm" -gccinc @@"Sources/class/usb_msc.args" -o "Sources/class/usb_msc.obj" -c "C:/Program Files (x86)/Freescale/Freescale USB Stack with PHDC v3.1/Source/Device/source/class/usb_msc.c" -MD -gccdep
'Finished building: C:/Program Files (x86)/Freescale/Freescale USB Stack with PHDC v3.1/Source/Device/source/class/usb_msc.c'
' '
'Building file: C:/Program Files (x86)/Freescale/Freescale USB Stack with PHDC v3.1/Source/Device/source/class/usb_msc_scsi.c'
'Invoking: ARM Compiler'
"C:/Freescale/CW10/MCU/ARM_Tools/Command_Line_Tools/mwccarm" -gccinc @@"Sources/class/usb_msc_scsi.args" -o "Sources/class/usb_msc_scsi.obj" -c "C:/Program Files (x86)/Freescale/Freescale USB Stack with PHDC v3.1/Source/Device/source/class/usb_msc_scsi.c" -MD -gccdep
'Finished building: C:/Program Files (x86)/Freescale/Freescale USB Stack with PHDC v3.1/Source/Device/source/class/usb_msc_scsi.c'
' '
'Building file: C:/Program Files (x86)/Freescale/Freescale USB Stack with PHDC v3.1/Source/Device/app/common/kinetis/RealTimerCounter_kinetis.c'
'Invoking: ARM Compiler'
"C:/Freescale/CW10/MCU/ARM_Tools/Command_Line_Tools/mwccarm" -gccinc @@"Sources/app/RealTimerCounter_kinetis.args" -o "Sources/app/RealTimerCounter_kinetis.obj" -c "C:/Program Files (x86)/Freescale/Freescale USB Stack with PHDC v3.1/Source/Device/app/common/kinetis/RealTimerCounter_kinetis.c" -MD -gccdep
'Finished building: C:/Program Files (x86)/Freescale/Freescale USB Stack with PHDC v3.1/Source/Device/app/common/kinetis/RealTimerCounter_kinetis.c'
' '
'Building file: C:/Program Files (x86)/Freescale/Freescale USB Stack with PHDC v3.1/Source/Device/app/msd/kinetis/SD_kinetis.c'
'Invoking: ARM Compiler'
"C:/Freescale/CW10/MCU/ARM_Tools/Command_Line_Tools/mwccarm" -gccinc @@"Sources/app/SD_kinetis.args" -o "Sources/app/SD_kinetis.obj" -c "C:/Program Files (x86)/Freescale/Freescale USB Stack with PHDC v3.1/Source/Device/app/msd/kinetis/SD_kinetis.c" -MD -gccdep
'Finished building: C:/Program Files (x86)/Freescale/Freescale USB Stack with PHDC v3.1/Source/Device/app/msd/kinetis/SD_kinetis.c'
' '
'Building file: C:/Program Files (x86)/Freescale/Freescale USB Stack with PHDC v3.1/Source/Device/app/msd/kinetis/SPI_kinetis.c'
'Invoking: ARM Compiler'
"C:/Freescale/CW10/MCU/ARM_Tools/Command_Line_Tools/mwccarm" -gccinc @@"Sources/app/SPI_kinetis.args" -o "Sources/app/SPI_kinetis.obj" -c "C:/Program Files (x86)/Freescale/Freescale USB Stack with PHDC v3.1/Source/Device/app/msd/kinetis/SPI_kinetis.c" -MD -gccdep
'Finished building: C:/Program Files (x86)/Freescale/Freescale USB Stack with PHDC v3.1/Source/Device/app/msd/kinetis/SPI_kinetis.c'
' '
'Building file: C:/Program Files (x86)/Freescale/Freescale USB Stack with PHDC v3.1/Source/Device/app/msd/disk.c'
'Invoking: ARM Compiler'
"C:/Freescale/CW10/MCU/ARM_Tools/Command_Line_Tools/mwccarm" -gccinc @@"Sources/app/disk.args" -o "Sources/app/disk.obj" -c "C:/Program Files (x86)/Freescale/Freescale USB Stack with PHDC v3.1/Source/Device/app/msd/disk.c" -MD -gccdep
'Finished building: C:/Program Files (x86)/Freescale/Freescale USB Stack with PHDC v3.1/Source/Device/app/msd/disk.c'
' '
'Building file: C:/Program Files (x86)/Freescale/Freescale USB Stack with PHDC v3.1/Source/Device/app/common/main_kinetis.c'
'Invoking: ARM Compiler'
"C:/Freescale/CW10/MCU/ARM_Tools/Command_Line_Tools/mwccarm" -gccinc @@"Sources/app/main_kinetis.args" -o "Sources/app/main_kinetis.obj" -c "C:/Program Files (x86)/Freescale/Freescale USB Stack with PHDC v3.1/Source/Device/app/common/main_kinetis.c" -MD -gccdep
'Finished building: C:/Program Files (x86)/Freescale/Freescale USB Stack with PHDC v3.1/Source/Device/app/common/main_kinetis.c'
' '
'Building file: C:/Program Files (x86)/Freescale/Freescale USB Stack with PHDC v3.1/Source/Device/app/msd/usb_descriptor.c'
'Invoking: ARM Compiler'
"C:/Freescale/CW10/MCU/ARM_Tools/Command_Line_Tools/mwccarm" -gccinc @@"Sources/app/usb_descriptor.args" -o "Sources/app/usb_descriptor.obj" -c "C:/Program Files (x86)/Freescale/Freescale USB Stack with PHDC v3.1/Source/Device/app/msd/usb_descriptor.c" -MD -gccdep
'Finished building: C:/Program Files (x86)/Freescale/Freescale USB Stack with PHDC v3.1/Source/Device/app/msd/usb_descriptor.c'
' '
'Building file: C:/Program Files (x86)/Freescale/Freescale USB Stack with PHDC v3.1/Source/Device/app/common/kinetis/vectors.c'
'Invoking: ARM Compiler'
"C:/Freescale/CW10/MCU/ARM_Tools/Command_Line_Tools/mwccarm" -gccinc @@"Sources/app/vectors.args" -o "Sources/app/vectors.obj" -c "C:/Program Files (x86)/Freescale/Freescale USB Stack with PHDC v3.1/Source/Device/app/common/kinetis/vectors.c" -MD -gccdep
'Finished building: C:/Program Files (x86)/Freescale/Freescale USB Stack with PHDC v3.1/Source/Device/app/common/kinetis/vectors.c'
' '
'Building file: C:/Program Files (x86)/Freescale/Freescale USB Stack with PHDC v3.1/Source/Device/app/common/kinetis/wdt_kinetis.c'
'Invoking: ARM Compiler'
"C:/Freescale/CW10/MCU/ARM_Tools/Command_Line_Tools/mwccarm" -gccinc @@"Sources/app/wdt_kinetis.args" -o "Sources/app/wdt_kinetis.obj" -c "C:/Program Files (x86)/Freescale/Freescale USB Stack with PHDC v3.1/Source/Device/app/common/kinetis/wdt_kinetis.c" -MD -gccdep
'Finished building: C:/Program Files (x86)/Freescale/Freescale USB Stack with PHDC v3.1/Source/Device/app/common/kinetis/wdt_kinetis.c'
' '
'Building file: C:/Program Files (x86)/Freescale/Freescale USB Stack with PHDC v3.1/Source/Device/app/common/kinetis/kinetis_sysinit.c'
'Invoking: ARM Compiler'
"C:/Freescale/CW10/MCU/ARM_Tools/Command_Line_Tools/mwccarm" -gccinc @@"Project Settings/Startup/kinetis_sysinit.args" -o "Project Settings/Startup/kinetis_sysinit.obj" -c "C:/Program Files (x86)/Freescale/Freescale USB Stack with PHDC v3.1/Source/Device/app/common/kinetis/kinetis_sysinit.c" -MD -gccdep
'Finished building: C:/Program Files (x86)/Freescale/Freescale USB Stack with PHDC v3.1/Source/Device/app/common/kinetis/kinetis_sysinit.c'
' '
'Building target: kinetis.afx'
'Invoking: ARM Linker'
"C:/Freescale/CW10/MCU/ARM_Tools/Command_Line_Tools/mwldarm" @@"kinetis.args" -o "kinetis.afx"  
'Finished building target: kinetis.afx'
' '
