Removed Pin From Net: NetName=NetC11_2 Pin=C12-1
Removed Pin From Net: NetName=GND Pin=C12-2
Removed Pin From Net: NetName=GND Pin=C25-1
Removed Pin From Net: NetName=GND Pin=D3-C
Removed Pin From Net: NetName=NetC22_1 Pin=R24-2
Removed Pin From Net: NetName=NetC23_2 Pin=R28-1
Change Component DesignItemId : Designator=C22 Old DesignItemId=GRM21BR71A106KE51L New DesignItemId=GRM188R71H562KA01D
Change Component DesignItemId : Designator=C23 Old DesignItemId=GRM21BR71A106KE51L New DesignItemId=GRM188R71H562KA01D
Change Component DesignItemId : Designator=C9 Old DesignItemId=GRM21BR71C105KA01L New DesignItemId=GRM21BR71A106KE51L
Change Component DesignItemId : Designator=C11 Old DesignItemId=GRM21BR71C105KA01L New DesignItemId=GRM21BR71A106KE51L
Change Component Footprint: Designator=C9 Old Footprint=C0805 New Footprint=C0805_1.4MM
Change Component Footprint: Designator=C11 Old Footprint=C0805 New Footprint=C0805_1.4MM
Change Component Footprint: Designator=C22 Old Footprint=C0805_1.4MM New Footprint=C0603
Change Component Footprint: Designator=C23 Old Footprint=C0805_1.4MM New Footprint=C0603
Change Component Comment : Designator=C9 Old Comment=1.0uF New Comment=10uF
Change Component Comment : Designator=C11 Old Comment=1.0uF New Comment=10uF
Change Component Comment : Designator=C22 Old Comment=10uF New Comment=5600pF
Change Component Comment : Designator=C23 Old Comment=10uF New Comment=5600pF
Added Component: Designator=Q1(SOT-23)
Added Pin To Net: NetName=+9V Pin=D3-A
Added Pin To Net: NetName=GND Pin=R30-1
Added Pin To Net: NetName=NetC23_2 Pin=R32-1
Added Pin To Net: NetName=NetC22_1 Pin=R33-1
Added Pin To Net: NetName=NetC12_1 Pin=C12-1
Added Pin To Net: NetName=NetC12_1 Pin=Q1-1
Added Net: Name=NetC12_1
Added Pin To Net: NetName=NetC12_2 Pin=C12-2
Added Pin To Net: NetName=NetC12_2 Pin=U11-4
Added Net: Name=NetC12_2
Added Pin To Net: NetName=NetC26_2 Pin=C26-2
Added Pin To Net: NetName=NetC26_2 Pin=R26-1
Added Pin To Net: NetName=NetC26_2 Pin=R28-1
Added Net: Name=NetC26_2
Added Pin To Net: NetName=NetC27_2 Pin=C27-2
Added Pin To Net: NetName=NetC27_2 Pin=R24-2
Added Pin To Net: NetName=NetC27_2 Pin=R25-1
Added Net: Name=NetC27_2
Added Pin To Net: NetName=NetD3_C Pin=D3-C
Added Pin To Net: NetName=NetD3_C Pin=Q1-3
Added Net: Name=NetD3_C
Added Pin To Net: NetName=NetQ1_2 Pin=Q1-2
Added Pin To Net: NetName=NetQ1_2 Pin=R30-2
Added Net: Name=NetQ1_2
