Removed Pin From Net: NetName=GND Pin=C16-1
Change Component Designator: OldDesignator=C1 NewDesignator=C4
Change Component Designator: OldDesignator=C2 NewDesignator=C14
Change Component Designator: OldDesignator=C3 NewDesignator=C15
Change Component Designator: OldDesignator=C10 NewDesignator=C5
Change Component Designator: OldDesignator=C13 NewDesignator=C16
Change Component Designator: OldDesignator=C14 NewDesignator=C13
Change Component Designator: OldDesignator=C14 NewDesignator=C17
Change Component Designator: OldDesignator=C16 NewDesignator=C9
Change Component Designator: OldDesignator=C16 NewDesignator=C20
Change Component Designator: OldDesignator=C48 NewDesignator=C1
Change Component Designator: OldDesignator=C48 NewDesignator=C6
Change Component Designator: OldDesignator=C48 NewDesignator=C7
Change Component Designator: OldDesignator=C48 NewDesignator=C10
Change Component Designator: OldDesignator=C48 NewDesignator=C12
Change Component Designator: OldDesignator=C67 NewDesignator=C8
Change Component Designator: OldDesignator=C75 NewDesignator=C11
Change Component Designator: OldDesignator=C105 NewDesignator=C2
Change Component Designator: OldDesignator=C106 NewDesignator=C3
Change Component Designator: OldDesignator=C117 NewDesignator=C18
Change Component Designator: OldDesignator=C118 NewDesignator=C19
Change Component Designator: OldDesignator=D1 NewDesignator=D2
Change Component Designator: OldDesignator=D3 NewDesignator=D1
Change Component Designator: OldDesignator=J2 NewDesignator=J1
Change Component Designator: OldDesignator=R1 NewDesignator=R7
Change Component Designator: OldDesignator=R2 NewDesignator=R8
Change Component Designator: OldDesignator=R3 NewDesignator=R10
Change Component Designator: OldDesignator=R4 NewDesignator=R11
Change Component Designator: OldDesignator=R5 NewDesignator=R12
Change Component Designator: OldDesignator=R6 NewDesignator=R13
Change Component Designator: OldDesignator=R7 NewDesignator=R14
Change Component Designator: OldDesignator=R8 NewDesignator=R15
Change Component Designator: OldDesignator=R9 NewDesignator=R4
Change Component Designator: OldDesignator=R10 NewDesignator=R3
Change Component Designator: OldDesignator=R10 NewDesignator=R5
Change Component Designator: OldDesignator=R11 NewDesignator=R16
Change Component Designator: OldDesignator=R12 NewDesignator=R18
Change Component Designator: OldDesignator=R13 NewDesignator=R19
Change Component Designator: OldDesignator=R14 NewDesignator=R20
Change Component Designator: OldDesignator=R15 NewDesignator=R21
Change Component Designator: OldDesignator=R16 NewDesignator=R22
Change Component Designator: OldDesignator=R17 NewDesignator=R23
Change Component Designator: OldDesignator=R58 NewDesignator=R17
Change Component Designator: OldDesignator=R78 NewDesignator=R6
Change Component Designator: OldDesignator=R78 NewDesignator=R9
Change Component Designator: OldDesignator=R133 NewDesignator=R2
Change Component Designator: OldDesignator=R134 NewDesignator=R1
Change Component Designator: OldDesignator=U1 NewDesignator=U5
Change Component Designator: OldDesignator=U2 NewDesignator=U7
Change Component Designator: OldDesignator=U4 NewDesignator=U3
Change Component Designator: OldDesignator=U6 NewDesignator=U8
Change Component Designator: OldDesignator=U12 NewDesignator=U6
Change Component Designator: OldDesignator=U14 NewDesignator=U2
Change Component Designator: OldDesignator=U19 NewDesignator=U4
Change Component Designator: OldDesignator=U30 NewDesignator=U1
Added Pin To Net: NetName=+3.3V_A Pin=C1-1
Added Pin To Net: NetName=AGND Pin=C1-2
Added Pin To Net: NetName=GND Pin=C6-2
Added Pin To Net: NetName=+3.3V_A Pin=C7-1
Added Pin To Net: NetName=GND Pin=C7-2
Added Pin To Net: NetName=GND Pin=C9-1
Added Pin To Net: NetName=GND Pin=C12-2
Added Pin To Net: NetName=GND Pin=C13-1
Added Pin To Net: NetName=+9V Pin=C17-2
Added Pin To Net: NetName=AGND Pin=C20-1
Added Pin To Net: NetName=+3.3V_D Pin=C20-2
Added Pin To Net: NetName=AGND Pin=R3-2
Added Pin To Net: NetName=GND Pin=R6-2
Added Pin To Net: NetName=+3.3V_D Pin=R9-1
Change Net Name : Old Net Name=NetC1_2 New Net Name=NetC4_2
Change Net Name : Old Net Name=NetC2_2 New Net Name=NetC14_2
Change Net Name : Old Net Name=NetC3_2 New Net Name=NetC15_2
Change Net Name : Old Net Name=NetC10_1 New Net Name=NetC5_1
Change Net Name : Old Net Name=NetC105_1 New Net Name=NetC2_1
Change Net Name : Old Net Name=NetC106_1 New Net Name=NetC3_1
Change Net Name : Old Net Name=NetD1_A New Net Name=NetD2_A
Change Net Name : Old Net Name=NetD3_A New Net Name=NetD1_A
Change Net Name : Old Net Name=NetR1_1 New Net Name=NetR7_1
Change Net Name : Old Net Name=NetR2_2 New Net Name=NetR8_2
Change Net Name : Old Net Name=NetR3_1 New Net Name=NetR10_1
Change Net Name : Old Net Name=NetR4_1 New Net Name=NetR11_1
Change Net Name : Old Net Name=NetR5_1 New Net Name=NetR12_1
Change Net Name : Old Net Name=NetR6_1 New Net Name=NetR13_1
Change Net Name : Old Net Name=NetR7_1 New Net Name=NetR14_1
Change Net Name : Old Net Name=NetR8_1 New Net Name=NetR15_1
Change Net Name : Old Net Name=NetR78_1 New Net Name=NetR6_1
Change Net Name : Old Net Name=NetR133_1 New Net Name=NetR2_1
Change Net Name : Old Net Name=NetU1_21 New Net Name=NetU4_3
Change Net Name : Old Net Name=NetU1_22 New Net Name=NetU4_2
Change Net Name : Old Net Name=NetU1_25 New Net Name=NetU4_4
Added Pin To Net: NetName=NetC4_1 Pin=C4-1
Added Pin To Net: NetName=NetC4_1 Pin=R3-1
Added Net: Name=NetC4_1
Added Pin To Net: NetName=NetC6_1 Pin=C6-1
Added Pin To Net: NetName=NetC6_1 Pin=C9-2
Added Pin To Net: NetName=NetC6_1 Pin=U4-5
Added Net: Name=NetC6_1
Added Pin To Net: NetName=NetC10_1 Pin=C10-1
Added Pin To Net: NetName=NetC10_1 Pin=R7-2
Added Pin To Net: NetName=NetC10_1 Pin=U5-4
Added Net: Name=NetC10_1
Added Pin To Net: NetName=NetC10_2 Pin=C10-2
Added Pin To Net: NetName=NetC10_2 Pin=U6-1
Added Net: Name=NetC10_2
Added Pin To Net: NetName=NetC11_2 Pin=C11-2
Added Pin To Net: NetName=NetC11_2 Pin=C12-1
Added Pin To Net: NetName=NetC11_2 Pin=U4-6
Added Net: Name=NetC11_2
Added Pin To Net: NetName=NetC13_2 Pin=C13-2
Added Pin To Net: NetName=NetC13_2 Pin=R9-2
Added Pin To Net: NetName=NetC13_2 Pin=U5-9
Added Net: Name=NetC13_2
