Added Pin To Net: NetName=+3.3V_A Pin=C7-1
Added Pin To Net: NetName=+3.3V_A Pin=C8-2
Added Pin To Net: NetName=+3.3V_A Pin=C16-1
Added Pin To Net: NetName=+3.3V_A Pin=C29-2
Added Pin To Net: NetName=+3.3V_A Pin=L1-2
Added Pin To Net: NetName=+3.3V_A Pin=U4-9
Added Pin To Net: NetName=+3.3V_A Pin=U5-6
Added Net: Name=+3.3V_A
Added Pin To Net: NetName=+3.3V_D Pin=C17-1
Added Pin To Net: NetName=+3.3V_D Pin=C20-2
Added Pin To Net: NetName=+3.3V_D Pin=C30-2
Added Pin To Net: NetName=+3.3V_D Pin=C31-2
Added Pin To Net: NetName=+3.3V_D Pin=L1-1
Added Pin To Net: NetName=+3.3V_D Pin=R8-1
Added Pin To Net: NetName=+3.3V_D Pin=R9-1
Added Pin To Net: NetName=+3.3V_D Pin=R14-2
Added Pin To Net: NetName=+3.3V_D Pin=U5-21
Added Pin To Net: NetName=+3.3V_D Pin=U5-23
Added Pin To Net: NetName=+3.3V_D Pin=U8-3
Added Pin To Net: NetName=+3.3V_D Pin=U11-5
Added Net: Name=+3.3V_D
Added Pin To Net: NetName=+9V Pin=C1-1
Added Pin To Net: NetName=+9V Pin=C2-1
Added Pin To Net: NetName=+9V Pin=C3-1
Added Pin To Net: NetName=+9V Pin=C4-1
Added Pin To Net: NetName=+9V Pin=C28-2
Added Pin To Net: NetName=+9V Pin=D1-A
Added Pin To Net: NetName=+9V Pin=D2-1
Added Pin To Net: NetName=+9V Pin=J1-5
Added Pin To Net: NetName=+9V Pin=U8-1
Added Net: Name=+9V
Added Pin To Net: NetName=AES+ Pin=J1-8
Added Pin To Net: NetName=AES+ Pin=U6-8
Added Net: Name=AES+
Added Pin To Net: NetName=AES- Pin=J1-7
Added Pin To Net: NetName=AES- Pin=U6-5
Added Net: Name=AES-
Added Pin To Net: NetName=AUDIO_LEFT Pin=J2-6
Added Pin To Net: NetName=AUDIO_LEFT Pin=R32-2
Added Net: Name=AUDIO_LEFT
Added Pin To Net: NetName=AUDIO_RIGHT Pin=J2-5
Added Pin To Net: NetName=AUDIO_RIGHT Pin=R33-2
Added Net: Name=AUDIO_RIGHT
Added Pin To Net: NetName=EMPH Pin=R20-2
Added Pin To Net: NetName=EMPH Pin=U5-16
Added Net: Name=EMPH
Added Pin To Net: NetName=GND Pin=C1-2
Added Pin To Net: NetName=GND Pin=C2-2
Added Pin To Net: NetName=GND Pin=C3-2
Added Pin To Net: NetName=GND Pin=C4-2
Added Pin To Net: NetName=GND Pin=C6-2
Added Pin To Net: NetName=GND Pin=C7-2
Added Pin To Net: NetName=GND Pin=C8-1
Added Pin To Net: NetName=GND Pin=C9-1
Added Pin To Net: NetName=GND Pin=C11-1
Added Pin To Net: NetName=GND Pin=C13-1
Added Pin To Net: NetName=GND Pin=C14-1
Added Pin To Net: NetName=GND Pin=C15-1
Added Pin To Net: NetName=GND Pin=C16-2
Added Pin To Net: NetName=GND Pin=C17-2
Added Pin To Net: NetName=GND Pin=C20-1
Added Pin To Net: NetName=GND Pin=C22-2
Added Pin To Net: NetName=GND Pin=C23-1
Added Pin To Net: NetName=GND Pin=C28-1
Added Pin To Net: NetName=GND Pin=C29-1
Added Pin To Net: NetName=GND Pin=C30-1
Added Pin To Net: NetName=GND Pin=C31-1
Added Pin To Net: NetName=GND Pin=J1-4
Added Pin To Net: NetName=GND Pin=J1-G
Added Pin To Net: NetName=GND Pin=J2-4
Added Pin To Net: NetName=GND Pin=J3-2
Added Pin To Net: NetName=GND Pin=R6-2
Added Pin To Net: NetName=GND Pin=R18-1
Added Pin To Net: NetName=GND Pin=R19-1
Added Pin To Net: NetName=GND Pin=R20-1
Added Pin To Net: NetName=GND Pin=R21-1
Added Pin To Net: NetName=GND Pin=R23-1
Added Pin To Net: NetName=GND Pin=R24-1
Added Pin To Net: NetName=GND Pin=R28-2
Added Pin To Net: NetName=GND Pin=R30-1
Added Pin To Net: NetName=GND Pin=T3-1
Added Pin To Net: NetName=GND Pin=T4-1
Added Pin To Net: NetName=GND Pin=U4-8
Added Pin To Net: NetName=GND Pin=U5-7
Added Pin To Net: NetName=GND Pin=U5-10
Added Pin To Net: NetName=GND Pin=U5-11
Added Pin To Net: NetName=GND Pin=U5-12
Added Pin To Net: NetName=GND Pin=U5-13
Added Pin To Net: NetName=GND Pin=U5-22
Added Pin To Net: NetName=GND Pin=U8-2
Added Pin To Net: NetName=GND Pin=U8-4
Added Pin To Net: NetName=GND Pin=U11-3
Added Net: Name=GND
Added Pin To Net: NetName=LRCK Pin=U4-3
Added Pin To Net: NetName=LRCK Pin=U5-28
Added Net: Name=LRCK
Added Pin To Net: NetName=MCLK Pin=U4-4
Added Pin To Net: NetName=MCLK Pin=U5-24
Added Pin To Net: NetName=MCLK Pin=U11-1
Added Pin To Net: NetName=MCLK Pin=U11-2
Added Net: Name=MCLK
Added Pin To Net: NetName=NetC6_1 Pin=C6-1
Added Pin To Net: NetName=NetC6_1 Pin=C9-2
Added Pin To Net: NetName=NetC6_1 Pin=U4-5
Added Net: Name=NetC6_1
Added Pin To Net: NetName=NetC10_1 Pin=C10-1
Added Pin To Net: NetName=NetC10_1 Pin=R7-2
Added Pin To Net: NetName=NetC10_1 Pin=U5-4
Added Net: Name=NetC10_1
Added Pin To Net: NetName=NetC10_2 Pin=C10-2
Added Pin To Net: NetName=NetC10_2 Pin=U6-1
Added Net: Name=NetC10_2
Added Pin To Net: NetName=NetC11_2 Pin=C11-2
Added Pin To Net: NetName=NetC11_2 Pin=U4-6
Added Net: Name=NetC11_2
Added Pin To Net: NetName=NetC12_1 Pin=C12-1
Added Pin To Net: NetName=NetC12_1 Pin=Q1-1
Added Net: Name=NetC12_1
Added Pin To Net: NetName=NetC12_2 Pin=C12-2
Added Pin To Net: NetName=NetC12_2 Pin=U11-4
Added Net: Name=NetC12_2
Added Pin To Net: NetName=NetC13_2 Pin=C13-2
Added Pin To Net: NetName=NetC13_2 Pin=R9-2
Added Pin To Net: NetName=NetC13_2 Pin=U5-9
Added Net: Name=NetC13_2
Added Pin To Net: NetName=NetC14_2 Pin=C14-2
Added Pin To Net: NetName=NetC14_2 Pin=R16-2
Added Pin To Net: NetName=NetC14_2 Pin=U5-8
Added Net: Name=NetC14_2
Added Pin To Net: NetName=NetC15_2 Pin=C15-2
Added Pin To Net: NetName=NetC15_2 Pin=R16-1
Added Net: Name=NetC15_2
Added Pin To Net: NetName=NetC22_1 Pin=C22-1
Added Pin To Net: NetName=NetC22_1 Pin=R25-2
Added Pin To Net: NetName=NetC22_1 Pin=R33-1
Added Net: Name=NetC22_1
Added Pin To Net: NetName=NetC23_2 Pin=C23-2
Added Pin To Net: NetName=NetC23_2 Pin=R26-2
Added Pin To Net: NetName=NetC23_2 Pin=R32-1
Added Net: Name=NetC23_2
Added Pin To Net: NetName=NetC26_1 Pin=C26-1
Added Pin To Net: NetName=NetC26_1 Pin=U4-7
Added Net: Name=NetC26_1
Added Pin To Net: NetName=NetC26_2 Pin=C26-2
Added Pin To Net: NetName=NetC26_2 Pin=R26-1
Added Pin To Net: NetName=NetC26_2 Pin=R28-1
Added Net: Name=NetC26_2
Added Pin To Net: NetName=NetC27_1 Pin=C27-1
Added Pin To Net: NetName=NetC27_1 Pin=U4-10
Added Net: Name=NetC27_1
Added Pin To Net: NetName=NetC27_2 Pin=C27-2
Added Pin To Net: NetName=NetC27_2 Pin=R24-2
Added Pin To Net: NetName=NetC27_2 Pin=R25-1
Added Net: Name=NetC27_2
Added Pin To Net: NetName=NetD1_C Pin=D1-C
Added Pin To Net: NetName=NetD1_C Pin=Q1-3
Added Net: Name=NetD1_C
Added Pin To Net: NetName=NetD2_2 Pin=D2-2
Added Pin To Net: NetName=NetD2_2 Pin=J3-1
Added Pin To Net: NetName=NetD2_2 Pin=J3-1
Added Net: Name=NetD2_2
Added Pin To Net: NetName=NetQ1_2 Pin=Q1-2
Added Pin To Net: NetName=NetQ1_2 Pin=R30-2
Added Net: Name=NetQ1_2
Added Pin To Net: NetName=NetR7_1 Pin=R7-1
Added Pin To Net: NetName=NetR7_1 Pin=U5-5
Added Pin To Net: NetName=NetR7_1 Pin=U6-4
Added Net: Name=NetR7_1
Added Pin To Net: NetName=NetR8_2 Pin=R8-2
Added Pin To Net: NetName=NetR8_2 Pin=U5-17
Added Net: Name=NetR8_2
Added Pin To Net: NetName=NV/ERR Pin=R18-2
Added Pin To Net: NetName=NV/ERR Pin=U5-14
Added Net: Name=NV/ERR
Added Pin To Net: NetName=PHASE_RATE Pin=R19-2
Added Pin To Net: NetName=PHASE_RATE Pin=U5-20
Added Net: Name=PHASE_RATE
Added Pin To Net: NetName=RMCK Pin=R21-2
Added Pin To Net: NetName=RMCK Pin=U5-18
Added Net: Name=RMCK
Added Pin To Net: NetName=SCLK Pin=U4-2
Added Pin To Net: NetName=SCLK Pin=U5-27
Added Net: Name=SCLK
Added Pin To Net: NetName=SDIN Pin=R6-1
Added Pin To Net: NetName=SDIN Pin=U4-1
Added Pin To Net: NetName=SDIN Pin=U5-26
Added Net: Name=SDIN
Added Pin To Net: NetName=SFSEL0 Pin=R14-1
Added Pin To Net: NetName=SFSEL0 Pin=U5-19
Added Net: Name=SFSEL0
Added Pin To Net: NetName=SFSEL1 Pin=R23-2
Added Pin To Net: NetName=SFSEL1 Pin=U5-15
Added Net: Name=SFSEL1
