Added Component: Designator=C5(C0805)
Added Component: Designator=C6(C0603)
Added Component: Designator=C7(C0805)
Added Component: Designator=C8(C0603)
Added Component: Designator=C9(C0805)
Added Component: Designator=C11(C0805)
Added Component: Designator=C16(C0805)
Added Component: Designator=C18(C0603)
Added Component: Designator=R1(R0603)
Added Component: Designator=U4(TSSOP10)
Added Pin To Net: NetName=GND Pin=C5-1
Added Pin To Net: NetName=GND Pin=C6-2
Added Pin To Net: NetName=GND Pin=C7-1
Added Pin To Net: NetName=+3.3V_A Pin=C7-2
Added Pin To Net: NetName=+3.3V_A Pin=C8-1
Added Pin To Net: NetName=GND Pin=C8-2
Added Pin To Net: NetName=GND Pin=C16-1
Added Pin To Net: NetName=GND Pin=C18-2
Added Pin To Net: NetName=GND Pin=R1-2
Added Pin To Net: NetName=SCLK Pin=U4-2
Added Pin To Net: NetName=MCLK Pin=U4-4
Added Pin To Net: NetName=GND Pin=U4-9
Added Pin To Net: NetName=+3.3V_A Pin=U4-10
Added Pin To Net: NetName=LRCLK Pin=U4-3
Added Net: Name=LRCLK
Added Pin To Net: NetName=NetC5_2 Pin=C5-2
Added Pin To Net: NetName=NetC5_2 Pin=C6-1
Added Pin To Net: NetName=NetC5_2 Pin=U4-7
Added Net: Name=NetC5_2
Added Pin To Net: NetName=NetC9_1 Pin=C9-1
Added Pin To Net: NetName=NetC9_1 Pin=U4-6
Added Net: Name=NetC9_1
Added Pin To Net: NetName=NetC11_1 Pin=C11-1
Added Pin To Net: NetName=NetC11_1 Pin=U4-8
Added Net: Name=NetC11_1
Added Pin To Net: NetName=NetC16_2 Pin=C16-2
Added Pin To Net: NetName=NetC16_2 Pin=C18-1
Added Pin To Net: NetName=NetC16_2 Pin=U4-5
Added Net: Name=NetC16_2
Added Member To Class: ClassName=PICKGUARD_TRANSMITTER Member=Component C5 1.0uF
Added Member To Class: ClassName=PICKGUARD_TRANSMITTER Member=Component C6 0.1uF
Added Member To Class: ClassName=PICKGUARD_TRANSMITTER Member=Component C7 1.0uF
Added Member To Class: ClassName=PICKGUARD_TRANSMITTER Member=Component C8 0.1uF
Added Member To Class: ClassName=PICKGUARD_TRANSMITTER Member=Component C9 1.0uF
Added Member To Class: ClassName=PICKGUARD_TRANSMITTER Member=Component C11 1.0uF
Added Member To Class: ClassName=PICKGUARD_TRANSMITTER Member=Component C18 0.1uF
Added Member To Class: ClassName=PICKGUARD_TRANSMITTER Member=Component R1 10k
Added Member To Class: ClassName=PICKGUARD_TRANSMITTER Member=Component U4 CS5343-CZZ
